<?xml version="1.0" encoding="UTF-8"?>
<!-- Generated by org.testng.reporters.JUnitReportReporter -->
<testsuite hostname="Rahmed" failures="0" tests="1" name="testCases.TC_01_AccountRegistrationTest" time="9.756" errors="0" timestamp="2023-09-04T18:06:02 IST" skipped="0">
  <testcase classname="testCases.TC_01_AccountRegistrationTest" name="test_account_registration" time="9.756"/>
</testsuite> <!-- testCases.TC_01_AccountRegistrationTest -->
